<?xml version="1.0" encoding="UTF-8"?>
<!-- Generated by org.testng.reporters.JUnitXMLReporter -->
<testsuite ignored="0" hostname="Gireeshs-MBP.attlocal.net" failures="0" tests="7" name="Default test" time="32.969" errors="0" timestamp="2021-02-25T16:35:54 CST">
  <testcase classname="com.att.automation.webpages.HomePageTest" name="containersCountAndHeaderVerification" time="2.714"/>
  <testcase classname="com.att.automation.webpages.HomePageTest" name="dealsVerification" time="5.232"/>
  <testcase classname="com.att.automation.webpages.HomePageTest" name="phonesAndDevicesVerification" time="5.442"/>
  <testcase classname="com.att.automation.webpages.HomePageTest" name="wirelesssVerification" time="5.89"/>
  <testcase classname="com.att.automation.webpages.HomePageTest" name="accountButtonVerification" time="3.543"/>
  <testcase classname="com.att.automation.webpages.HomePageTest" name="headBandElementsVerification" time="3.031"/>
  <testcase classname="com.att.automation.webpages.HomePageTest" name="mainMenuBarListVerification" time="3.919"/>
</testsuite> <!-- Default test -->
